<?xml version="1.0" encoding="UTF-8"?>
<!-- Generated by org.testng.reporters.JUnitReportReporter -->
<testsuite name="TestaCaixaDeEntrada" tests="2" time="68.786" ignored="0" failures="0" timestamp="26 dez 2016 06:36:07 GMT" skipped="0" hostname="Maya-PC" errors="0">
  <testcase name="testaLoginSiapcon" time="4.635" classname="TestaCaixaDeEntrada"/>
  <testcase name="testaIrPara" time="64.151" classname="TestaCaixaDeEntrada"/>
</testsuite> <!-- TestaCaixaDeEntrada -->
