<?xml version="1.0" encoding="UTF-8"?>
<!-- Generated by org.testng.reporters.JUnitReportReporter -->
<testsuite skipped="0" hostname="tuduntu" name="testaCadastroProcesso" tests="4" failures="0" timestamp="21 Dec 2016 13:25:04 GMT" time="75.500" errors="0">
  <testcase name="testaMsgNumero" time="7.082" classname="testaCadastroProcesso"/>
  <testcase name="testaSeInseriuProcesso" time="62.620" classname="testaCadastroProcesso"/>
  <testcase name="testaLoginSiapcon" time="3.106" classname="testaCadastroProcesso"/>
  <testcase name="testaInsercaoProcesso" time="2.692" classname="testaCadastroProcesso"/>
</testsuite> <!-- testaCadastroProcesso -->
